Performing C SOURCE FILE Test HAVE_STRUCT_STAT_ST_MTIM failed with the following output:
Change Dir: /Users/QLH/mdp/reposec/vendor/bundle/gems/rugged-0.24.0/vendor/libgit2/build/CMakeFiles/CMakeTmp

Run Build Command:"/usr/bin/make" "cmTryCompileExec3889763552/fast"
/Applications/Xcode.app/Contents/Developer/usr/bin/make -f CMakeFiles/cmTryCompileExec3889763552.dir/build.make CMakeFiles/cmTryCompileExec3889763552.dir/build
/usr/local/Cellar/cmake/3.2.2/bin/cmake -E cmake_progress_report /Users/QLH/mdp/reposec/vendor/bundle/gems/rugged-0.24.0/vendor/libgit2/build/CMakeFiles/CMakeTmp/CMakeFiles 1
Building C object CMakeFiles/cmTryCompileExec3889763552.dir/src.c.o
/Applications/Xcode.app/Contents/Developer/Toolchains/XcodeDefault.xctoolchain/usr/bin/cc   -fPIC -DHAVE_STRUCT_STAT_ST_MTIM   -o CMakeFiles/cmTryCompileExec3889763552.dir/src.c.o   -c /Users/QLH/mdp/reposec/vendor/bundle/gems/rugged-0.24.0/vendor/libgit2/build/CMakeFiles/CMakeTmp/src.c
/Users/QLH/mdp/reposec/vendor/bundle/gems/rugged-0.24.0/vendor/libgit2/build/CMakeFiles/CMakeTmp/src.c:7:30: error: no member named 'st_mtim' in 'struct stat'
   (void)((struct stat *)0)->st_mtim;
         ~~~~~~~~~~~~~~~~~~  ^
1 error generated.
make[1]: *** [CMakeFiles/cmTryCompileExec3889763552.dir/src.c.o] Error 1
make: *** [cmTryCompileExec3889763552/fast] Error 2

Source file was:

#include <sys/types.h>
#include <sys/stat.h>

int main()
{
   (void)((struct stat *)0)->st_mtim;
   return 0;
}

Performing C SOURCE FILE Test HAVE_STRUCT_STAT_MTIME_NSEC failed with the following output:
Change Dir: /Users/QLH/mdp/reposec/vendor/bundle/gems/rugged-0.24.0/vendor/libgit2/build/CMakeFiles/CMakeTmp

Run Build Command:"/usr/bin/make" "cmTryCompileExec766140297/fast"
/Applications/Xcode.app/Contents/Developer/usr/bin/make -f CMakeFiles/cmTryCompileExec766140297.dir/build.make CMakeFiles/cmTryCompileExec766140297.dir/build
/usr/local/Cellar/cmake/3.2.2/bin/cmake -E cmake_progress_report /Users/QLH/mdp/reposec/vendor/bundle/gems/rugged-0.24.0/vendor/libgit2/build/CMakeFiles/CMakeTmp/CMakeFiles 1
Building C object CMakeFiles/cmTryCompileExec766140297.dir/src.c.o
/Applications/Xcode.app/Contents/Developer/Toolchains/XcodeDefault.xctoolchain/usr/bin/cc   -fPIC -DHAVE_STRUCT_STAT_MTIME_NSEC   -o CMakeFiles/cmTryCompileExec766140297.dir/src.c.o   -c /Users/QLH/mdp/reposec/vendor/bundle/gems/rugged-0.24.0/vendor/libgit2/build/CMakeFiles/CMakeTmp/src.c
/Users/QLH/mdp/reposec/vendor/bundle/gems/rugged-0.24.0/vendor/libgit2/build/CMakeFiles/CMakeTmp/src.c:6:30: error: no member named 'st_mtime_nsec' in 'struct stat'; did you mean 'st_mtimespec'?
   (void)((struct stat *)0)->st_mtime_nsec;
                             ^~~~~~~~~~~~~
                             st_mtimespec
/usr/include/sys/stat.h:182:13: note: 'st_mtimespec' declared here
struct stat __DARWIN_STRUCT_STAT64;
            ^
/usr/include/sys/stat.h:166:2: note: expanded from macro '__DARWIN_STRUCT_STAT64'
        __DARWIN_STRUCT_STAT64_TIMES \
        ^
/usr/include/sys/stat.h:130:18: note: expanded from macro '__DARWIN_STRUCT_STAT64_TIMES'
        struct timespec st_mtimespec;           /* time of last data modification */ \
                        ^
1 error generated.
make[1]: *** [CMakeFiles/cmTryCompileExec766140297.dir/src.c.o] Error 1
make: *** [cmTryCompileExec766140297/fast] Error 2

Source file was:

#include <sys/stat.h>

int main()
{
   (void)((struct stat *)0)->st_mtime_nsec;
   return 0;
}

Determining if the function futimens exists failed with the following output:
Change Dir: /Users/QLH/mdp/reposec/vendor/bundle/gems/rugged-0.24.0/vendor/libgit2/build/CMakeFiles/CMakeTmp

Run Build Command:"/usr/bin/make" "cmTryCompileExec3618645365/fast"
/Applications/Xcode.app/Contents/Developer/usr/bin/make -f CMakeFiles/cmTryCompileExec3618645365.dir/build.make CMakeFiles/cmTryCompileExec3618645365.dir/build
/usr/local/Cellar/cmake/3.2.2/bin/cmake -E cmake_progress_report /Users/QLH/mdp/reposec/vendor/bundle/gems/rugged-0.24.0/vendor/libgit2/build/CMakeFiles/CMakeTmp/CMakeFiles 1
Building C object CMakeFiles/cmTryCompileExec3618645365.dir/CheckFunctionExists.c.o
/Applications/Xcode.app/Contents/Developer/Toolchains/XcodeDefault.xctoolchain/usr/bin/cc   -D_GNU_SOURCE -Wall -Wextra -fPIC -Wdocumentation -Wno-missing-field-initializers -Wstrict-aliasing=2 -Wstrict-prototypes -Wdeclaration-after-statement -Wno-unused-const-variable -Wno-unused-function -Wno-deprecated-declarations -DCHECK_FUNCTION_EXISTS=futimens   -o CMakeFiles/cmTryCompileExec3618645365.dir/CheckFunctionExists.c.o   -c /usr/local/Cellar/cmake/3.2.2/share/cmake/Modules/CheckFunctionExists.c
Linking C executable cmTryCompileExec3618645365
/usr/local/Cellar/cmake/3.2.2/bin/cmake -E cmake_link_script CMakeFiles/cmTryCompileExec3618645365.dir/link.txt --verbose=1
/Applications/Xcode.app/Contents/Developer/Toolchains/XcodeDefault.xctoolchain/usr/bin/cc  -D_GNU_SOURCE -Wall -Wextra -fPIC -Wdocumentation -Wno-missing-field-initializers -Wstrict-aliasing=2 -Wstrict-prototypes -Wdeclaration-after-statement -Wno-unused-const-variable -Wno-unused-function -Wno-deprecated-declarations -DCHECK_FUNCTION_EXISTS=futimens -Wl,-search_paths_first -Wl,-headerpad_max_install_names   CMakeFiles/cmTryCompileExec3618645365.dir/CheckFunctionExists.c.o  -o cmTryCompileExec3618645365  
Undefined symbols for architecture x86_64:
  "_futimens", referenced from:
      _main in CheckFunctionExists.c.o
ld: symbol(s) not found for architecture x86_64
clang: error: linker command failed with exit code 1 (use -v to see invocation)
make[1]: *** [cmTryCompileExec3618645365] Error 1
make: *** [cmTryCompileExec3618645365/fast] Error 2


Determining if the function qsort_s exists failed with the following output:
Change Dir: /Users/QLH/mdp/reposec/vendor/bundle/gems/rugged-0.24.0/vendor/libgit2/build/CMakeFiles/CMakeTmp

Run Build Command:"/usr/bin/make" "cmTryCompileExec1391005633/fast"
/Applications/Xcode.app/Contents/Developer/usr/bin/make -f CMakeFiles/cmTryCompileExec1391005633.dir/build.make CMakeFiles/cmTryCompileExec1391005633.dir/build
/usr/local/Cellar/cmake/3.2.2/bin/cmake -E cmake_progress_report /Users/QLH/mdp/reposec/vendor/bundle/gems/rugged-0.24.0/vendor/libgit2/build/CMakeFiles/CMakeTmp/CMakeFiles 1
Building C object CMakeFiles/cmTryCompileExec1391005633.dir/CheckFunctionExists.c.o
/Applications/Xcode.app/Contents/Developer/Toolchains/XcodeDefault.xctoolchain/usr/bin/cc   -D_GNU_SOURCE -Wall -Wextra -fPIC -Wdocumentation -Wno-missing-field-initializers -Wstrict-aliasing=2 -Wstrict-prototypes -Wdeclaration-after-statement -Wno-unused-const-variable -Wno-unused-function -Wno-deprecated-declarations -DCHECK_FUNCTION_EXISTS=qsort_s   -o CMakeFiles/cmTryCompileExec1391005633.dir/CheckFunctionExists.c.o   -c /usr/local/Cellar/cmake/3.2.2/share/cmake/Modules/CheckFunctionExists.c
Linking C executable cmTryCompileExec1391005633
/usr/local/Cellar/cmake/3.2.2/bin/cmake -E cmake_link_script CMakeFiles/cmTryCompileExec1391005633.dir/link.txt --verbose=1
/Applications/Xcode.app/Contents/Developer/Toolchains/XcodeDefault.xctoolchain/usr/bin/cc  -D_GNU_SOURCE -Wall -Wextra -fPIC -Wdocumentation -Wno-missing-field-initializers -Wstrict-aliasing=2 -Wstrict-prototypes -Wdeclaration-after-statement -Wno-unused-const-variable -Wno-unused-function -Wno-deprecated-declarations -DCHECK_FUNCTION_EXISTS=qsort_s -Wl,-search_paths_first -Wl,-headerpad_max_install_names   CMakeFiles/cmTryCompileExec1391005633.dir/CheckFunctionExists.c.o  -o cmTryCompileExec1391005633  
Undefined symbols for architecture x86_64:
  "_qsort_s", referenced from:
      _main in CheckFunctionExists.c.o
ld: symbol(s) not found for architecture x86_64
clang: error: linker command failed with exit code 1 (use -v to see invocation)
make[1]: *** [cmTryCompileExec1391005633] Error 1
make: *** [cmTryCompileExec1391005633/fast] Error 2


Determining if the function clock_gettime exists in the rt failed with the following output:
Change Dir: /Users/QLH/mdp/reposec/vendor/bundle/gems/rugged-0.24.0/vendor/libgit2/build/CMakeFiles/CMakeTmp

Run Build Command:"/usr/bin/make" "cmTryCompileExec173655238/fast"
/Applications/Xcode.app/Contents/Developer/usr/bin/make -f CMakeFiles/cmTryCompileExec173655238.dir/build.make CMakeFiles/cmTryCompileExec173655238.dir/build
/usr/local/Cellar/cmake/3.2.2/bin/cmake -E cmake_progress_report /Users/QLH/mdp/reposec/vendor/bundle/gems/rugged-0.24.0/vendor/libgit2/build/CMakeFiles/CMakeTmp/CMakeFiles 1
Building C object CMakeFiles/cmTryCompileExec173655238.dir/CheckFunctionExists.c.o
/Applications/Xcode.app/Contents/Developer/Toolchains/XcodeDefault.xctoolchain/usr/bin/cc   -D_GNU_SOURCE -Wall -Wextra -fPIC -Wdocumentation -Wno-missing-field-initializers -Wstrict-aliasing=2 -Wstrict-prototypes -Wdeclaration-after-statement -Wno-unused-const-variable -Wno-unused-function -Wno-deprecated-declarations -DCHECK_FUNCTION_EXISTS=clock_gettime   -o CMakeFiles/cmTryCompileExec173655238.dir/CheckFunctionExists.c.o   -c /usr/local/Cellar/cmake/3.2.2/share/cmake/Modules/CheckFunctionExists.c
Linking C executable cmTryCompileExec173655238
/usr/local/Cellar/cmake/3.2.2/bin/cmake -E cmake_link_script CMakeFiles/cmTryCompileExec173655238.dir/link.txt --verbose=1
/Applications/Xcode.app/Contents/Developer/Toolchains/XcodeDefault.xctoolchain/usr/bin/cc  -D_GNU_SOURCE -Wall -Wextra -fPIC -Wdocumentation -Wno-missing-field-initializers -Wstrict-aliasing=2 -Wstrict-prototypes -Wdeclaration-after-statement -Wno-unused-const-variable -Wno-unused-function -Wno-deprecated-declarations -DCHECK_FUNCTION_EXISTS=clock_gettime -Wl,-search_paths_first -Wl,-headerpad_max_install_names   CMakeFiles/cmTryCompileExec173655238.dir/CheckFunctionExists.c.o  -o cmTryCompileExec173655238  -L/Users/QLH/mdp/reposec/vendor/bundle/gems/rugged-0.24.0/vendor/libgit2/build/CMakeFiles/CMakeTmp/time.h  -lrt -Wl,-rpath,/Users/QLH/mdp/reposec/vendor/bundle/gems/rugged-0.24.0/vendor/libgit2/build/CMakeFiles/CMakeTmp/time.h 
ld: warning: directory not found for option '-L/Users/QLH/mdp/reposec/vendor/bundle/gems/rugged-0.24.0/vendor/libgit2/build/CMakeFiles/CMakeTmp/time.h'
ld: library not found for -lrt
clang: error: linker command failed with exit code 1 (use -v to see invocation)
make[1]: *** [cmTryCompileExec173655238] Error 1
make: *** [cmTryCompileExec173655238/fast] Error 2


